2026-06-15 15:12:47 [SUCCESS] [BOT] Loaded command: coinflip.py
2026-06-15 15:12:47 [SUCCESS] [BOT] Loaded command: ouroboros.py
2026-06-15 15:12:47 [SUCCESS] [BOT] Loaded command: rpsgame.py
2026-06-15 15:12:47 [SUCCESS] [BOT] Loaded command: rpsvs.py
2026-06-15 15:12:47 [SUCCESS] [BOT] Loaded command: sporty.py
2026-06-15 15:12:47 [SUCCESS] [BOT] Loaded cog: channelmanagement.py
2026-06-15 15:12:47 [SUCCESS] [BOT] Loaded cog: leaderboard.py
2026-06-15 15:12:47 [SUCCESS] [BOT] Loaded cog: leveling.py
2026-06-15 15:12:47 [SUCCESS] [BOT] Loaded cog: movies.py
2026-06-15 15:12:47 [SUCCESS] [BOT] Loaded cog: serverstat.py
2026-06-15 15:12:47 [SUCCESS] [BOT] Loaded cog: tournament.py
2026-06-15 15:12:47 [SUCCESS] [BOT] Loaded cog: welcome.py
2026-06-15 15:12:47 [SUCCESS] [BOT] Loaded commands and cogs
2026-06-15 15:12:47 [SUCCESS] [BOT] Slash commands synced successfully: 25 commands
2026-06-15 15:12:50 [SUCCESS] [BOT] Ouroboros is ready
2026-06-15 15:12:50 [SUCCESS] [BOT] Startup DM sent to creator
2026-06-15 15:13:02 [SUCCESS] [BOT] User 755872891601551511, for inphinithy saved to DB: {'id': 776, 'discord_id': 755872891601551511, 'username': 'inphinithy', 'created_at': datetime.datetime(2026, 1, 13, 12, 2, 22, 792234), 'updated_at': datetime.datetime(2026, 6, 15, 15, 13, 2, 396332)}
2026-06-15 15:13:02 [SUCCESS] [BOT] User 755872891601551511, for inphinithy saved to DB: {'id': 776, 'discord_id': 755872891601551511, 'username': 'inphinithy', 'created_at': datetime.datetime(2026, 1, 13, 12, 2, 22, 792234), 'updated_at': datetime.datetime(2026, 6, 15, 15, 13, 2, 403094)}
2026-06-15 15:16:38 [SUCCESS] [BOT] Loaded command: coinflip.py
2026-06-15 15:16:38 [SUCCESS] [BOT] Loaded command: ouroboros.py
2026-06-15 15:16:38 [SUCCESS] [BOT] Loaded command: rpsgame.py
2026-06-15 15:16:38 [SUCCESS] [BOT] Loaded command: rpsvs.py
2026-06-15 15:16:38 [SUCCESS] [BOT] Loaded command: sporty.py
2026-06-15 15:16:38 [SUCCESS] [BOT] Loaded cog: channelmanagement.py
2026-06-15 15:16:39 [SUCCESS] [BOT] Loaded cog: leaderboard.py
2026-06-15 15:16:39 [SUCCESS] [BOT] Loaded cog: leveling.py
2026-06-15 15:16:39 [SUCCESS] [BOT] Loaded cog: movies.py
2026-06-15 15:16:39 [SUCCESS] [BOT] Loaded cog: serverstat.py
2026-06-15 15:16:39 [SUCCESS] [BOT] Loaded cog: tournament.py
2026-06-15 15:16:39 [SUCCESS] [BOT] Loaded cog: welcome.py
2026-06-15 15:16:39 [SUCCESS] [BOT] Loaded commands and cogs
2026-06-15 15:16:39 [SUCCESS] [BOT] Slash commands synced successfully: 25 commands
2026-06-15 15:16:41 [SUCCESS] [BOT] Ouroboros is ready
2026-06-15 15:16:42 [SUCCESS] [BOT] Startup DM sent to creator
2026-06-15 15:17:06 [SUCCESS] [BOT] User 755872891601551511, for inphinithy saved to DB: {'id': 776, 'discord_id': 755872891601551511, 'username': 'inphinithy', 'created_at': datetime.datetime(2026, 1, 13, 12, 2, 22, 792234), 'updated_at': datetime.datetime(2026, 6, 15, 15, 17, 6, 125342)}
2026-06-15 15:18:21 [INFO] [REMINDERS] Sending notifications to 1 users
2026-06-15 15:18:21 [INFO] [REMINDERS] [REMINDERS] Sending incomplete media notifications to 2 users
2026-06-15 15:18:21 [WARNING] [Discord.Forbidden reminder media] [REMINDERS] Cannot send DM to user 773851127996874752 (DMs disabled)
2026-06-15 15:18:41 [INFO] [REMINDERS] [REMINDERS] Finished sending episode reminders
2026-06-15 15:19:32 [INFO] [REMINDERS] [REMINDERS] Finished sending incomplete media reminders
