2026-06-23 11:41:01 [SUCCESS] [BOT] Loaded command: coinflip.py
2026-06-23 11:41:01 [SUCCESS] [BOT] Loaded command: ouroboros.py
2026-06-23 11:41:01 [SUCCESS] [BOT] Loaded command: rpsgame.py
2026-06-23 11:41:01 [SUCCESS] [BOT] Loaded command: rpsvs.py
2026-06-23 11:41:01 [SUCCESS] [BOT] Loaded command: sporty.py
2026-06-23 11:41:01 [SUCCESS] [BOT] Loaded cog: channelmanagement.py
2026-06-23 11:41:02 [SUCCESS] [BOT] Loaded cog: leaderboard.py
2026-06-23 11:41:02 [SUCCESS] [BOT] Loaded cog: leveling.py
2026-06-23 11:41:02 [SUCCESS] [BOT] Loaded cog: movies.py
2026-06-23 11:41:02 [SUCCESS] [BOT] Loaded cog: serverstat.py
2026-06-23 11:41:02 [SUCCESS] [BOT] Loaded cog: tournament.py
2026-06-23 11:41:02 [SUCCESS] [BOT] Loaded cog: welcome.py
2026-06-23 11:41:02 [SUCCESS] [BOT] Loaded commands and cogs
2026-06-23 11:41:02 [SUCCESS] [BOT] Slash commands synced successfully: 25 commands
2026-06-23 11:41:04 [SUCCESS] [BOT] Ouroboros is ready
2026-06-23 11:41:05 [INFO] [Daily Tournament Loop] Running daily tournament loop for guild: Tempest (1221132104876687511)
2026-06-23 11:41:05 [SUCCESS] [BOT] Startup DM sent to creator
2026-06-23 11:43:22 [SUCCESS] [BOT] Loaded command: coinflip.py
2026-06-23 11:43:22 [SUCCESS] [BOT] Loaded command: ouroboros.py
2026-06-23 11:43:22 [SUCCESS] [BOT] Loaded command: rpsgame.py
2026-06-23 11:43:22 [SUCCESS] [BOT] Loaded command: rpsvs.py
2026-06-23 11:43:22 [SUCCESS] [BOT] Loaded command: sporty.py
2026-06-23 11:43:22 [SUCCESS] [BOT] Loaded cog: channelmanagement.py
2026-06-23 11:43:22 [SUCCESS] [BOT] Loaded cog: leaderboard.py
2026-06-23 11:43:22 [SUCCESS] [BOT] Loaded cog: leveling.py
2026-06-23 11:43:22 [SUCCESS] [BOT] Loaded cog: movies.py
2026-06-23 11:43:22 [SUCCESS] [BOT] Loaded cog: music.py
2026-06-23 11:43:22 [SUCCESS] [BOT] Loaded cog: serverstat.py
2026-06-23 11:43:22 [SUCCESS] [BOT] Loaded cog: tournament.py
2026-06-23 11:43:22 [SUCCESS] [BOT] Loaded cog: welcome.py
2026-06-23 11:43:22 [SUCCESS] [BOT] Loaded commands and cogs
2026-06-23 11:43:22 [SUCCESS] [BOT] Slash commands synced successfully: 34 commands
2026-06-23 11:43:25 [SUCCESS] [BOT] Ouroboros is ready
2026-06-23 11:43:25 [INFO] [Daily Tournament Loop] Running daily tournament loop for guild: Tempest (1221132104876687511)
2026-06-23 11:43:26 [SUCCESS] [BOT] Startup DM sent to creator
2026-06-23 11:47:11 [SUCCESS] [BOT] Loaded command: coinflip.py
2026-06-23 11:47:11 [SUCCESS] [BOT] Loaded command: ouroboros.py
2026-06-23 11:47:11 [SUCCESS] [BOT] Loaded command: rpsgame.py
2026-06-23 11:47:11 [SUCCESS] [BOT] Loaded command: rpsvs.py
2026-06-23 11:47:11 [SUCCESS] [BOT] Loaded command: sporty.py
2026-06-23 11:47:11 [SUCCESS] [BOT] Loaded cog: channelmanagement.py
2026-06-23 11:47:11 [SUCCESS] [BOT] Loaded cog: leaderboard.py
2026-06-23 11:47:11 [SUCCESS] [BOT] Loaded cog: leveling.py
2026-06-23 11:47:11 [SUCCESS] [BOT] Loaded cog: movies.py
2026-06-23 11:47:11 [SUCCESS] [BOT] Loaded cog: music.py
2026-06-23 11:47:11 [SUCCESS] [BOT] Loaded cog: serverstat.py
2026-06-23 11:47:11 [SUCCESS] [BOT] Loaded cog: tournament.py
2026-06-23 11:47:11 [SUCCESS] [BOT] Loaded cog: welcome.py
2026-06-23 11:47:11 [SUCCESS] [BOT] Loaded commands and cogs
2026-06-23 11:47:11 [SUCCESS] [BOT] Slash commands synced successfully: 34 commands
2026-06-23 11:47:13 [SUCCESS] [BOT] Ouroboros is ready
2026-06-23 11:47:14 [INFO] [Daily Tournament Loop] Running daily tournament loop for guild: Tempest (1221132104876687511)
2026-06-23 11:47:14 [SUCCESS] [BOT] Startup DM sent to creator
2026-06-23 11:49:32 [SUCCESS] [BOT] Loaded command: coinflip.py
2026-06-23 11:49:32 [SUCCESS] [BOT] Loaded command: ouroboros.py
2026-06-23 11:49:32 [SUCCESS] [BOT] Loaded command: rpsgame.py
2026-06-23 11:49:32 [SUCCESS] [BOT] Loaded command: rpsvs.py
2026-06-23 11:49:32 [SUCCESS] [BOT] Loaded command: sporty.py
2026-06-23 11:49:32 [SUCCESS] [BOT] Loaded cog: channelmanagement.py
2026-06-23 11:49:32 [SUCCESS] [BOT] Loaded cog: leaderboard.py
2026-06-23 11:49:32 [SUCCESS] [BOT] Loaded cog: leveling.py
2026-06-23 11:49:32 [SUCCESS] [BOT] Loaded cog: movies.py
2026-06-23 11:49:32 [SUCCESS] [BOT] Loaded cog: music.py
2026-06-23 11:49:32 [SUCCESS] [BOT] Loaded cog: serverstat.py
2026-06-23 11:49:32 [SUCCESS] [BOT] Loaded cog: tournament.py
2026-06-23 11:49:32 [SUCCESS] [BOT] Loaded cog: welcome.py
2026-06-23 11:49:32 [SUCCESS] [BOT] Loaded commands and cogs
2026-06-23 11:49:32 [SUCCESS] [BOT] Slash commands synced successfully: 34 commands
2026-06-23 11:49:34 [SUCCESS] [BOT] Ouroboros is ready
2026-06-23 11:49:35 [INFO] [Daily Tournament Loop] Running daily tournament loop for guild: Tempest (1221132104876687511)
2026-06-23 11:49:35 [SUCCESS] [BOT] Startup DM sent to creator
2026-06-23 11:49:48 [SUCCESS] [BOT] User 755872891601551511, for inphinithy 
saved to DB: 
discord_id=755872891601551511, 
username=inphinithy
2026-06-23 11:53:44 [SUCCESS] [BOT] Loaded command: coinflip.py
2026-06-23 11:53:44 [SUCCESS] [BOT] Loaded command: ouroboros.py
2026-06-23 11:53:44 [SUCCESS] [BOT] Loaded command: rpsgame.py
2026-06-23 11:53:44 [SUCCESS] [BOT] Loaded command: rpsvs.py
2026-06-23 11:53:44 [SUCCESS] [BOT] Loaded command: sporty.py
2026-06-23 11:53:44 [SUCCESS] [BOT] Loaded cog: channelmanagement.py
2026-06-23 11:53:44 [SUCCESS] [BOT] Loaded cog: leaderboard.py
2026-06-23 11:53:44 [SUCCESS] [BOT] Loaded cog: leveling.py
2026-06-23 11:53:44 [SUCCESS] [BOT] Loaded cog: movies.py
2026-06-23 11:53:44 [SUCCESS] [BOT] Loaded cog: music.py
2026-06-23 11:53:44 [SUCCESS] [BOT] Loaded cog: serverstat.py
2026-06-23 11:53:44 [SUCCESS] [BOT] Loaded cog: tournament.py
2026-06-23 11:53:44 [SUCCESS] [BOT] Loaded cog: welcome.py
2026-06-23 11:53:44 [SUCCESS] [BOT] Loaded commands and cogs
2026-06-23 11:53:44 [SUCCESS] [BOT] Slash commands synced successfully: 34 commands
2026-06-23 11:53:46 [SUCCESS] [BOT] Ouroboros is ready
2026-06-23 11:53:47 [INFO] [Daily Tournament Loop] Running daily tournament loop for guild: Tempest (1221132104876687511)
2026-06-23 11:53:47 [SUCCESS] [BOT] Startup DM sent to creator
